<?xml version="1.0" encoding="UTF-8"?>
<testng-results ignored="0" total="1" passed="1" failed="0" skipped="0">
  <reporter-output>
  </reporter-output>
  <suite started-at="2023-02-10T07:31:52 EST" name="Suite" finished-at="2023-02-10T07:31:59 EST" duration-ms="7086">
    <groups>
    </groups>
    <test started-at="2023-02-10T07:31:52 EST" name="Test" finished-at="2023-02-10T07:31:59 EST" duration-ms="7086">
      <class name="testCases.TC_01Login">
        <test-method is-config="true" signature="setupDriver()[pri:0, instance:testCases.TC_01Login@6e9175d8]" started-at="2023-02-10T07:31:53 EST" name="setupDriver" finished-at="2023-02-10T07:31:57 EST" duration-ms="4001" status="PASS">
          <reporter-output>
          </reporter-output>
        </test-method> <!-- setupDriver -->
        <test-method signature="login()[pri:0, instance:testCases.TC_01Login@6e9175d8]" started-at="2023-02-10T07:31:57 EST" name="login" finished-at="2023-02-10T07:31:59 EST" duration-ms="2375" status="PASS">
          <reporter-output>
          </reporter-output>
        </test-method> <!-- login -->
        <test-method is-config="true" signature="teardown()[pri:0, instance:testCases.TC_01Login@6e9175d8]" started-at="2023-02-10T07:31:59 EST" name="teardown" finished-at="2023-02-10T07:31:59 EST" duration-ms="295" status="PASS">
          <reporter-output>
          </reporter-output>
        </test-method> <!-- teardown -->
      </class> <!-- testCases.TC_01Login -->
    </test> <!-- Test -->
  </suite> <!-- Suite -->
</testng-results>
