<?xml version="1.0" encoding="UTF-8"?>
<testng-results ignored="0" total="1" passed="1" failed="0" skipped="0">
  <reporter-output>
  </reporter-output>
  <suite started-at="2023-02-10T07:31:21 EST" name="Default suite" finished-at="2023-02-10T07:31:28 EST" duration-ms="6814">
    <groups>
    </groups>
    <test started-at="2023-02-10T07:31:21 EST" name="Default test" finished-at="2023-02-10T07:31:28 EST" duration-ms="6814">
      <class name="testCases.TC_01Login">
        <test-method is-config="true" signature="setupDriver()[pri:0, instance:testCases.TC_01Login@17f9d882]" started-at="2023-02-10T07:31:21 EST" name="setupDriver" finished-at="2023-02-10T07:31:25 EST" duration-ms="4301" status="PASS">
          <reporter-output>
          </reporter-output>
        </test-method> <!-- setupDriver -->
        <test-method signature="login()[pri:0, instance:testCases.TC_01Login@17f9d882]" started-at="2023-02-10T07:31:25 EST" name="login" finished-at="2023-02-10T07:31:28 EST" duration-ms="2193" status="PASS">
          <reporter-output>
          </reporter-output>
        </test-method> <!-- login -->
        <test-method is-config="true" signature="teardown()[pri:0, instance:testCases.TC_01Login@17f9d882]" started-at="2023-02-10T07:31:28 EST" name="teardown" finished-at="2023-02-10T07:31:28 EST" duration-ms="228" status="PASS">
          <reporter-output>
          </reporter-output>
        </test-method> <!-- teardown -->
      </class> <!-- testCases.TC_01Login -->
    </test> <!-- Default test -->
  </suite> <!-- Default suite -->
</testng-results>
